<?xml version="1.0" encoding="UTF-8"?>
<!-- Generated by org.testng.reporters.JUnitReportReporter -->
<testsuite hostname="DESKTOP-DAAF8DC" failures="0" tests="1" name="UTILITY_CLASS.UTILITY" time="0.008" errors="0" timestamp="2022-11-13T21:23:24 IST" skipped="0">
  <testcase classname="UTILITY_CLASS.UTILITY" name="ss" time="0.008"/>
  <system-out>
    <![CDATA[omkar]]>
  </system-out>
</testsuite> <!-- UTILITY_CLASS.UTILITY -->
